AndroidStudio/googleAuthenticator/build/outputs/logs/manifest-merger-debug-report.txt
-- Merging decision tree log ---
manifest
ADDED from src\main\AndroidManifest.xml:17:1-118:12
	xmlns:android
		ADDED from src\main\AndroidManifest.xml:17:11-69
	package
		ADDED from src\main\AndroidManifest.xml:18:11-63
		INJECTED from src\main\AndroidManifest.xml
		INJECTED from src\main\AndroidManifest.xml
	android:versionName
		ADDED from src\main\AndroidManifest.xml:19:35-60
	android:versionCode
		ADDED from src\main\AndroidManifest.xml:19:11-34
		INJECTED from src\main\AndroidManifest.xml
		INJECTED from src\main\AndroidManifest.xml
uses-sdk
ADDED from src\main\AndroidManifest.xml:21:3-71
MERGED from [Google-Authenticator-new-Android-Studio-compatible:smartExtensionAPI:unspecified] AndroidManifest.xml:5:5-7:40
MERGED from [Google-Authenticator-new-Android-Studio-compatible:smartExtensionUtils:unspecified] AndroidManifest.xml:5:5-7:40
MERGED from [Google-Authenticator-new-Android-Studio-compatible:smartExtensionAPI:unspecified] AndroidManifest.xml:5:5-7:40
	android:targetSdkVersion
		ADDED from src\main\AndroidManifest.xml:21:39-68
		INJECTED from src\main\AndroidManifest.xml
		INJECTED from src\main\AndroidManifest.xml
	android:minSdkVersion
		ADDED from src\main\AndroidManifest.xml:21:13-38
		INJECTED from src\main\AndroidManifest.xml
		INJECTED from src\main\AndroidManifest.xml
uses-permission#android.permission.VIBRATE
ADDED from src\main\AndroidManifest.xml:23:3-64
	android:name
		ADDED from src\main\AndroidManifest.xml:23:20-61
uses-permission#com.sonyericsson.extras.liveware.aef.EXTENSION_PERMISSION
ADDED from src\main\AndroidManifest.xml:24:3-95
	android:name
		ADDED from src\main\AndroidManifest.xml:24:20-92
application
ADDED from src\main\AndroidManifest.xml:29:3-116:17
	android:label
		ADDED from src\main\AndroidManifest.xml:29:16-54
	android:allowBackup
		ADDED from src\main\AndroidManifest.xml:33:16-43
	android:icon
		ADDED from src\main\AndroidManifest.xml:30:16-52
	android:theme
		ADDED from src\main\AndroidManifest.xml:31:16-57
	android:name
		ADDED from src\main\AndroidManifest.xml:32:16-93
activity#com.google.android.apps.authenticator.AuthenticatorActivity
ADDED from src\main\AndroidManifest.xml:35:5-48:16
	android:label
		ADDED from src\main\AndroidManifest.xml:36:15-53
	android:name
		ADDED from src\main\AndroidManifest.xml:35:15-89
	android:launchMode
		ADDED from src\main\AndroidManifest.xml:37:15-46
intent-filter#android.intent.action.MAIN+android.intent.category.LAUNCHER
ADDED from src\main\AndroidManifest.xml:38:7-41:23
action#android.intent.action.MAIN
ADDED from src\main\AndroidManifest.xml:39:9-61
	android:name
		ADDED from src\main\AndroidManifest.xml:39:17-58
category#android.intent.category.LAUNCHER
ADDED from src\main\AndroidManifest.xml:40:9-69
	android:name
		ADDED from src\main\AndroidManifest.xml:40:19-66
intent-filter#android.intent.action.VIEW+android.intent.category.BROWSABLE+android.intent.category.DEFAULT
ADDED from src\main\AndroidManifest.xml:42:7-47:23
action#android.intent.action.VIEW
ADDED from src\main\AndroidManifest.xml:43:9-61
	android:name
		ADDED from src\main\AndroidManifest.xml:43:17-58
category#android.intent.category.DEFAULT
ADDED from src\main\AndroidManifest.xml:44:9-68
	android:name
		ADDED from src\main\AndroidManifest.xml:44:19-65
category#android.intent.category.BROWSABLE
ADDED from src\main\AndroidManifest.xml:45:9-70
	android:name
		ADDED from src\main\AndroidManifest.xml:45:19-67
data
ADDED from src\main\AndroidManifest.xml:46:9-42
	android:scheme
		ADDED from src\main\AndroidManifest.xml:46:15-39
activity#com.google.android.apps.authenticator.SettingsAboutActivity
ADDED from src\main\AndroidManifest.xml:50:5-51:71
	android:label
		ADDED from src\main\AndroidManifest.xml:51:15-68
	android:name
		ADDED from src\main\AndroidManifest.xml:50:15-89
activity#com.google.android.apps.authenticator.AddOtherAccountActivity
ADDED from src\main\AndroidManifest.xml:53:5-54:63
	android:label
		ADDED from src\main\AndroidManifest.xml:54:15-60
	android:name
		ADDED from src\main\AndroidManifest.xml:53:15-91
activity#com.google.android.apps.authenticator.EnterKeyActivity
ADDED from src\main\AndroidManifest.xml:56:5-57:57
	android:label
		ADDED from src\main\AndroidManifest.xml:57:15-54
	android:name
		ADDED from src\main\AndroidManifest.xml:56:15-84
activity#com.google.android.apps.authenticator.CheckCodeActivity
ADDED from src\main\AndroidManifest.xml:59:5-60:58
	android:label
		ADDED from src\main\AndroidManifest.xml:60:15-55
	android:name
		ADDED from src\main\AndroidManifest.xml:59:15-85
activity#com.google.android.apps.authenticator.SettingsActivity
ADDED from src\main\AndroidManifest.xml:62:5-63:70
	android:label
		ADDED from src\main\AndroidManifest.xml:63:15-67
	android:name
		ADDED from src\main\AndroidManifest.xml:62:15-84
activity#com.google.android.apps.authenticator.howitworks.IntroEnterPasswordActivity
ADDED from src\main\AndroidManifest.xml:65:5-67:78
	android:label
		ADDED from src\main\AndroidManifest.xml:67:15-75
	android:theme
		ADDED from src\main\AndroidManifest.xml:66:15-67
	android:name
		ADDED from src\main\AndroidManifest.xml:65:15-105
activity#com.google.android.apps.authenticator.howitworks.IntroEnterCodeActivity
ADDED from src\main\AndroidManifest.xml:68:5-70:74
	android:label
		ADDED from src\main\AndroidManifest.xml:70:15-71
	android:theme
		ADDED from src\main\AndroidManifest.xml:69:15-67
	android:name
		ADDED from src\main\AndroidManifest.xml:68:15-101
activity#com.google.android.apps.authenticator.howitworks.IntroVerifyDeviceActivity
ADDED from src\main\AndroidManifest.xml:71:5-73:77
	android:label
		ADDED from src\main\AndroidManifest.xml:73:15-74
	android:theme
		ADDED from src\main\AndroidManifest.xml:72:15-67
	android:name
		ADDED from src\main\AndroidManifest.xml:71:15-104
activity#com.google.android.apps.authenticator.timesync.SettingsTimeCorrectionActivity
ADDED from src\main\AndroidManifest.xml:75:5-76:74
	android:label
		ADDED from src\main\AndroidManifest.xml:76:15-71
	android:name
		ADDED from src\main\AndroidManifest.xml:75:15-107
activity#com.google.android.apps.authenticator.timesync.AboutActivity
ADDED from src\main\AndroidManifest.xml:78:5-80:77
	android:label
		ADDED from src\main\AndroidManifest.xml:80:15-74
	android:theme
		ADDED from src\main\AndroidManifest.xml:79:15-67
	android:name
		ADDED from src\main\AndroidManifest.xml:78:15-90
activity#com.google.android.apps.authenticator.timesync.SyncNowActivity
ADDED from src\main\AndroidManifest.xml:82:5-84:72
	android:label
		ADDED from src\main\AndroidManifest.xml:84:15-69
	android:theme
		ADDED from src\main\AndroidManifest.xml:83:15-74
	android:name
		ADDED from src\main\AndroidManifest.xml:82:15-92
service#com.dlka.android.apps.authenticator2donate.GoogleAuthService
ADDED from src\main\AndroidManifest.xml:87:5-88:19
	android:name
		ADDED from src\main\AndroidManifest.xml:87:14-89
receiver#com.dlka.android.apps.authenticator2donate.GoogleAuthReceiver
ADDED from src\main\AndroidManifest.xml:90:5-114:16
	android:name
		ADDED from src\main\AndroidManifest.xml:90:15-91
intent-filter#android.intent.action.LOCALE_CHANGED+com.sonyericsson.extras.aef.control.ERROR+com.sonyericsson.extras.aef.control.KEY_EVENT+com.sonyericsson.extras.aef.control.PAUSE+com.sonyericsson.extras.aef.control.RESUME+com.sonyericsson.extras.aef.control.START+com.sonyericsson.extras.aef.control.STOP+com.sonyericsson.extras.aef.control.SWIPE_EVENT+com.sonyericsson.extras.aef.control.TOUCH_EVENT+com.sonyericsson.extras.aef.widget.ONTOUCH+com.sonyericsson.extras.aef.widget.START_REFRESH_IMAGE_REQUEST+com.sonyericsson.extras.aef.widget.STOP_REFRESH_IMAGE_REQUEST+com.sonyericsson.extras.liveware.aef.notification.REFRESH_REQUEST+com.sonyericsson.extras.liveware.aef.notification.VIEW_EVENT_DETAIL+com.sonyericsson.extras.liveware.aef.registration.ACCESSORY_CONNECTION+com.sonyericsson.extras.liveware.aef.registration.EXTENSION_REGISTER_REQUEST+com.sonyericsson.extras.liveware.extension.util.widget.scheduled.refresh
ADDED from src\main\AndroidManifest.xml:91:9-113:25
action#com.sonyericsson.extras.liveware.aef.registration.EXTENSION_REGISTER_REQUEST
ADDED from src\main\AndroidManifest.xml:93:13-115
	android:name
		ADDED from src\main\AndroidManifest.xml:93:21-112
action#com.sonyericsson.extras.liveware.aef.registration.ACCESSORY_CONNECTION
ADDED from src\main\AndroidManifest.xml:94:13-109
	android:name
		ADDED from src\main\AndroidManifest.xml:94:21-106
action#android.intent.action.LOCALE_CHANGED
ADDED from src\main\AndroidManifest.xml:95:13-75
	android:name
		ADDED from src\main\AndroidManifest.xml:95:21-72
action#com.sonyericsson.extras.liveware.aef.notification.VIEW_EVENT_DETAIL
ADDED from src\main\AndroidManifest.xml:97:13-106
	android:name
		ADDED from src\main\AndroidManifest.xml:97:21-103
action#com.sonyericsson.extras.liveware.aef.notification.REFRESH_REQUEST
ADDED from src\main\AndroidManifest.xml:98:13-104
	android:name
		ADDED from src\main\AndroidManifest.xml:98:21-101
action#com.sonyericsson.extras.aef.widget.START_REFRESH_IMAGE_REQUEST
ADDED from src\main\AndroidManifest.xml:100:13-101
	android:name
		ADDED from src\main\AndroidManifest.xml:100:21-98
action#com.sonyericsson.extras.aef.widget.STOP_REFRESH_IMAGE_REQUEST
ADDED from src\main\AndroidManifest.xml:101:13-100
	android:name
		ADDED from src\main\AndroidManifest.xml:101:21-97
action#com.sonyericsson.extras.aef.widget.ONTOUCH
ADDED from src\main\AndroidManifest.xml:102:13-81
	android:name
		ADDED from src\main\AndroidManifest.xml:102:21-78
action#com.sonyericsson.extras.liveware.extension.util.widget.scheduled.refresh
ADDED from src\main\AndroidManifest.xml:103:13-111
	android:name
		ADDED from src\main\AndroidManifest.xml:103:21-108
action#com.sonyericsson.extras.aef.control.START
ADDED from src\main\AndroidManifest.xml:105:13-80
	android:name
		ADDED from src\main\AndroidManifest.xml:105:21-77
action#com.sonyericsson.extras.aef.control.STOP
ADDED from src\main\AndroidManifest.xml:106:13-79
	android:name
		ADDED from src\main\AndroidManifest.xml:106:21-76
action#com.sonyericsson.extras.aef.control.PAUSE
ADDED from src\main\AndroidManifest.xml:107:13-80
	android:name
		ADDED from src\main\AndroidManifest.xml:107:21-77
action#com.sonyericsson.extras.aef.control.RESUME
ADDED from src\main\AndroidManifest.xml:108:13-81
	android:name
		ADDED from src\main\AndroidManifest.xml:108:21-78
action#com.sonyericsson.extras.aef.control.ERROR
ADDED from src\main\AndroidManifest.xml:109:13-80
	android:name
		ADDED from src\main\AndroidManifest.xml:109:21-77
action#com.sonyericsson.extras.aef.control.KEY_EVENT
ADDED from src\main\AndroidManifest.xml:110:13-84
	android:name
		ADDED from src\main\AndroidManifest.xml:110:21-81
action#com.sonyericsson.extras.aef.control.TOUCH_EVENT
ADDED from src\main\AndroidManifest.xml:111:13-86
	android:name
		ADDED from src\main\AndroidManifest.xml:111:21-83
action#com.sonyericsson.extras.aef.control.SWIPE_EVENT
ADDED from src\main\AndroidManifest.xml:112:13-86
	android:name
		ADDED from src\main\AndroidManifest.xml:112:21-83